<?xml version="1.0" encoding="UTF-8"?>
<!-- Generated by org.testng.reporters.JUnitReportReporter -->
<testsuite hostname="MSI" failures="0" tests="1" name="testClasses.test2test" time="2.991" errors="0" timestamp="2024-05-29T22:15:50 IST" skipped="0">
  <testcase classname="testClasses.test2test" name="Test" time="2.991"/>
</testsuite> <!-- testClasses.test2test -->
